2025-05-30 03:09:49,414 - ERROR - Error parsing XML file app-chapter1.xml: name 'topic_title' is not defined
2025-05-30 03:10:19,174 - INFO - Skipping section: MEMORY_TECHNIQUES
2025-05-30 03:10:19,175 - INFO - Skipping section: MEMORY_TECHNIQUES
2025-05-30 03:10:19,175 - INFO - Skipping section: MEMORY_TECHNIQUES
2025-05-30 03:10:19,176 - INFO - Skipping section: MEMORY_TECHNIQUES
2025-05-30 03:10:19,176 - INFO - Skipping section: MEMORY_TECHNIQUES
2025-05-30 03:10:19,177 - INFO - Skipping section: MEMORY_TECHNIQUES
2025-05-30 03:10:19,177 - INFO - Skipping section: MEMORY_TECHNIQUES
2025-05-30 03:10:19,177 - INFO - Skipping section: MEMORY_TECHNIQUES
2025-05-30 03:10:19,178 - INFO - Extracted 81 topics from XML
2025-05-30 03:10:19,181 - INFO - Processing topic: 1
2025-05-30 03:13:07,750 - INFO - Skipping section: MEMORY_TECHNIQUES
2025-05-30 03:13:07,750 - INFO - Skipping section: MEMORY_TECHNIQUES
2025-05-30 03:13:07,751 - INFO - Skipping section: MEMORY_TECHNIQUES
2025-05-30 03:13:07,751 - INFO - Skipping section: MEMORY_TECHNIQUES
2025-05-30 03:13:07,751 - INFO - Skipping section: MEMORY_TECHNIQUES
2025-05-30 03:13:07,752 - INFO - Skipping section: MEMORY_TECHNIQUES
2025-05-30 03:13:07,752 - INFO - Skipping section: MEMORY_TECHNIQUES
2025-05-30 03:13:07,752 - INFO - Skipping section: MEMORY_TECHNIQUES
2025-05-30 03:13:07,753 - INFO - Extracted 81 topics from XML
2025-05-30 03:13:07,753 - INFO - Processing topic: 1
2025-05-30 03:15:46,918 - INFO - Skipping section: MEMORY_TECHNIQUES
2025-05-30 03:15:46,918 - INFO - Skipping section: MEMORY_TECHNIQUES
2025-05-30 03:15:46,918 - INFO - Skipping section: MEMORY_TECHNIQUES
2025-05-30 03:15:46,918 - INFO - Skipping section: MEMORY_TECHNIQUES
2025-05-30 03:15:46,919 - INFO - Skipping section: MEMORY_TECHNIQUES
2025-05-30 03:15:46,919 - INFO - Skipping section: MEMORY_TECHNIQUES
2025-05-30 03:15:46,919 - INFO - Skipping section: MEMORY_TECHNIQUES
2025-05-30 03:15:46,919 - INFO - Skipping section: MEMORY_TECHNIQUES
2025-05-30 03:15:46,919 - INFO - Extracted 81 topics from XML
2025-05-30 03:15:46,919 - INFO - Processing topic: 1
2025-05-30 03:15:50,085 - INFO - Found 10 unique words in '1'
2025-05-30 03:15:50,086 - INFO - Processing batch 1/2 for topic '1'
2025-05-30 03:15:56,006 - INFO - Processing batch 2/2 for topic '1'
2025-05-30 03:16:01,883 - INFO - Processing topic: 1.1
2025-05-30 03:16:01,890 - INFO - Found 0 unique words in '1.1'
2025-05-30 03:16:01,890 - INFO - Processing topic: CORE_DEFINITION
2025-05-30 03:16:01,890 - INFO - Found 0 unique words in 'CORE_DEFINITION'
2025-05-30 03:16:01,891 - INFO - Processing topic: EXPLANATION
2025-05-30 03:16:01,891 - INFO - Found 0 unique words in 'EXPLANATION'
2025-05-30 03:16:01,892 - INFO - Processing topic: ANALOGIES_VISUALIZATIONS
2025-05-30 03:16:01,892 - INFO - Found 0 unique words in 'ANALOGIES_VISUALIZATIONS'
2025-05-30 03:16:01,892 - INFO - Processing topic: EXAMPLES
2025-05-30 03:16:01,893 - INFO - Found 0 unique words in 'EXAMPLES'
2025-05-30 03:16:01,893 - INFO - Processing topic: INTERACTIVE_ELEMENTS
2025-05-30 03:16:01,894 - INFO - Found 0 unique words in 'INTERACTIVE_ELEMENTS'
2025-05-30 03:16:01,894 - INFO - Processing topic: KEY_POINTS_SUMMARY
2025-05-30 03:16:01,894 - INFO - Found 0 unique words in 'KEY_POINTS_SUMMARY'
2025-05-30 03:16:01,894 - INFO - Processing topic: EXERCISES
2025-05-30 03:16:01,895 - INFO - Found 0 unique words in 'EXERCISES'
2025-05-30 03:16:01,895 - INFO - Processing topic: CONNECTIONS
2025-05-30 03:16:01,896 - INFO - Found 0 unique words in 'CONNECTIONS'
2025-05-30 03:16:01,896 - INFO - Processing topic: FUN_FACTS_TRIVIA
2025-05-30 03:16:01,896 - INFO - Found 0 unique words in 'FUN_FACTS_TRIVIA'
2025-05-30 03:16:01,896 - INFO - Processing topic: 1.2
2025-05-30 03:16:01,905 - INFO - Found 3 unique words in '1.2'
2025-05-30 03:16:01,906 - INFO - Processing batch 1/1 for topic '1.2'
2025-05-30 03:16:06,248 - INFO - Processing topic: CORE_DEFINITION
2025-05-30 03:16:06,249 - INFO - Found 0 unique words in 'CORE_DEFINITION'
2025-05-30 03:16:06,249 - INFO - Processing topic: EXPLANATION
2025-05-30 03:16:06,250 - INFO - Found 0 unique words in 'EXPLANATION'
2025-05-30 03:16:06,250 - INFO - Processing topic: ANALOGIES_VISUALIZATIONS
2025-05-30 03:16:06,251 - INFO - Found 0 unique words in 'ANALOGIES_VISUALIZATIONS'
2025-05-30 03:16:06,251 - INFO - Processing topic: EXAMPLES
2025-05-30 03:16:06,252 - INFO - Found 0 unique words in 'EXAMPLES'
2025-05-30 03:16:06,252 - INFO - Processing topic: INTERACTIVE_ELEMENTS
2025-05-30 03:16:06,253 - INFO - Found 0 unique words in 'INTERACTIVE_ELEMENTS'
2025-05-30 03:16:06,253 - INFO - Processing topic: KEY_POINTS_SUMMARY
2025-05-30 03:16:06,254 - INFO - Found 0 unique words in 'KEY_POINTS_SUMMARY'
2025-05-30 03:16:06,255 - INFO - Processing topic: EXERCISES
2025-05-30 03:16:06,256 - INFO - Found 0 unique words in 'EXERCISES'
2025-05-30 03:16:06,256 - INFO - Processing topic: CONNECTIONS
2025-05-30 03:16:06,257 - INFO - Found 0 unique words in 'CONNECTIONS'
2025-05-30 03:16:06,257 - INFO - Processing topic: FUN_FACTS_TRIVIA
2025-05-30 03:16:06,257 - INFO - Found 1 unique words in 'FUN_FACTS_TRIVIA'
2025-05-30 03:16:06,258 - INFO - Processing batch 1/1 for topic 'FUN_FACTS_TRIVIA'
2025-05-30 03:16:09,032 - INFO - Processing topic: 1.3
2025-05-30 03:16:09,042 - INFO - Found 0 unique words in '1.3'
2025-05-30 03:16:09,042 - INFO - Processing topic: CORE_DEFINITION
2025-05-30 03:16:09,042 - INFO - Found 0 unique words in 'CORE_DEFINITION'
2025-05-30 03:16:09,043 - INFO - Processing topic: EXPLANATION
2025-05-30 03:16:09,044 - INFO - Found 0 unique words in 'EXPLANATION'
2025-05-30 03:16:09,045 - INFO - Processing topic: ANALOGIES_VISUALIZATIONS
2025-05-30 03:16:09,045 - INFO - Found 0 unique words in 'ANALOGIES_VISUALIZATIONS'
2025-05-30 03:16:09,045 - INFO - Processing topic: EXAMPLES
2025-05-30 03:16:09,046 - INFO - Found 0 unique words in 'EXAMPLES'
2025-05-30 03:16:09,046 - INFO - Processing topic: INTERACTIVE_ELEMENTS
2025-05-30 03:16:09,047 - INFO - Found 0 unique words in 'INTERACTIVE_ELEMENTS'
2025-05-30 03:16:09,047 - INFO - Processing topic: KEY_POINTS_SUMMARY
2025-05-30 03:16:09,048 - INFO - Found 0 unique words in 'KEY_POINTS_SUMMARY'
2025-05-30 03:16:09,048 - INFO - Processing topic: EXERCISES
2025-05-30 03:16:09,051 - INFO - Found 0 unique words in 'EXERCISES'
2025-05-30 03:16:09,051 - INFO - Processing topic: CONNECTIONS
2025-05-30 03:16:09,051 - INFO - Found 0 unique words in 'CONNECTIONS'
2025-05-30 03:16:09,051 - INFO - Processing topic: FUN_FACTS_TRIVIA
2025-05-30 03:16:09,052 - INFO - Found 0 unique words in 'FUN_FACTS_TRIVIA'
2025-05-30 03:16:09,052 - INFO - Processing topic: 1.4
2025-05-30 03:16:09,061 - INFO - Found 3 unique words in '1.4'
2025-05-30 03:16:09,061 - INFO - Processing batch 1/1 for topic '1.4'
2025-05-30 03:16:13,393 - INFO - Processing topic: CORE_DEFINITION
2025-05-30 03:16:13,393 - INFO - Found 0 unique words in 'CORE_DEFINITION'
2025-05-30 03:16:13,393 - INFO - Processing topic: EXPLANATION
2025-05-30 03:16:13,394 - INFO - Found 1 unique words in 'EXPLANATION'
2025-05-30 03:16:13,395 - INFO - Processing batch 1/1 for topic 'EXPLANATION'
2025-05-30 03:16:16,175 - INFO - Processing topic: ANALOGIES_VISUALIZATIONS
2025-05-30 03:16:16,176 - INFO - Found 0 unique words in 'ANALOGIES_VISUALIZATIONS'
2025-05-30 03:16:16,176 - INFO - Processing topic: EXAMPLES
2025-05-30 03:16:16,177 - INFO - Found 0 unique words in 'EXAMPLES'
2025-05-30 03:16:16,178 - INFO - Processing topic: INTERACTIVE_ELEMENTS
2025-05-30 03:16:16,178 - INFO - Found 0 unique words in 'INTERACTIVE_ELEMENTS'
2025-05-30 03:16:16,178 - INFO - Processing topic: KEY_POINTS_SUMMARY
2025-05-30 03:16:16,179 - INFO - Found 0 unique words in 'KEY_POINTS_SUMMARY'
2025-05-30 03:16:16,179 - INFO - Processing topic: EXERCISES
2025-05-30 03:16:16,180 - INFO - Found 0 unique words in 'EXERCISES'
2025-05-30 03:16:16,181 - INFO - Processing topic: CONNECTIONS
2025-05-30 03:16:16,181 - INFO - Found 0 unique words in 'CONNECTIONS'
2025-05-30 03:16:16,181 - INFO - Processing topic: FUN_FACTS_TRIVIA
2025-05-30 03:16:16,182 - INFO - Found 0 unique words in 'FUN_FACTS_TRIVIA'
2025-05-30 03:16:16,182 - INFO - Processing topic: 1.5
2025-05-30 03:16:16,190 - INFO - Found 1 unique words in '1.5'
2025-05-30 03:16:16,190 - INFO - Processing batch 1/1 for topic '1.5'
2025-05-30 03:16:18,980 - INFO - Processing topic: CORE_DEFINITION
2025-05-30 03:16:18,981 - INFO - Found 0 unique words in 'CORE_DEFINITION'
2025-05-30 03:16:18,981 - INFO - Processing topic: EXPLANATION
2025-05-30 03:16:18,983 - INFO - Found 0 unique words in 'EXPLANATION'
2025-05-30 03:16:18,983 - INFO - Processing topic: ANALOGIES_VISUALIZATIONS
2025-05-30 03:16:18,984 - INFO - Found 0 unique words in 'ANALOGIES_VISUALIZATIONS'
2025-05-30 03:16:18,984 - INFO - Processing topic: EXAMPLES
2025-05-30 03:16:18,985 - INFO - Found 0 unique words in 'EXAMPLES'
2025-05-30 03:16:18,985 - INFO - Processing topic: INTERACTIVE_ELEMENTS
2025-05-30 03:16:18,986 - INFO - Found 0 unique words in 'INTERACTIVE_ELEMENTS'
2025-05-30 03:16:18,986 - INFO - Processing topic: KEY_POINTS_SUMMARY
2025-05-30 03:16:18,987 - INFO - Found 0 unique words in 'KEY_POINTS_SUMMARY'
2025-05-30 03:16:18,987 - INFO - Processing topic: EXERCISES
2025-05-30 03:16:18,988 - INFO - Found 0 unique words in 'EXERCISES'
2025-05-30 03:16:18,988 - INFO - Processing topic: CONNECTIONS
2025-05-30 03:16:18,988 - INFO - Found 0 unique words in 'CONNECTIONS'
2025-05-30 03:16:18,988 - INFO - Processing topic: FUN_FACTS_TRIVIA
2025-05-30 03:16:18,989 - INFO - Found 0 unique words in 'FUN_FACTS_TRIVIA'
2025-05-30 03:16:18,989 - INFO - Processing topic: 1.6
2025-05-30 03:16:18,997 - INFO - Found 0 unique words in '1.6'
2025-05-30 03:16:18,997 - INFO - Processing topic: CORE_DEFINITION
2025-05-30 03:16:18,997 - INFO - Found 0 unique words in 'CORE_DEFINITION'
2025-05-30 03:16:18,997 - INFO - Processing topic: EXPLANATION
2025-05-30 03:16:18,998 - INFO - Found 0 unique words in 'EXPLANATION'
2025-05-30 03:16:18,998 - INFO - Processing topic: ANALOGIES_VISUALIZATIONS
2025-05-30 03:16:18,998 - INFO - Found 0 unique words in 'ANALOGIES_VISUALIZATIONS'
2025-05-30 03:16:18,998 - INFO - Processing topic: EXAMPLES
2025-05-30 03:16:18,999 - INFO - Found 0 unique words in 'EXAMPLES'
2025-05-30 03:16:18,999 - INFO - Processing topic: INTERACTIVE_ELEMENTS
2025-05-30 03:16:19,000 - INFO - Found 0 unique words in 'INTERACTIVE_ELEMENTS'
2025-05-30 03:16:19,000 - INFO - Processing topic: KEY_POINTS_SUMMARY
2025-05-30 03:16:19,000 - INFO - Found 0 unique words in 'KEY_POINTS_SUMMARY'
2025-05-30 03:16:19,000 - INFO - Processing topic: EXERCISES
2025-05-30 03:16:19,001 - INFO - Found 0 unique words in 'EXERCISES'
2025-05-30 03:16:19,001 - INFO - Processing topic: CONNECTIONS
2025-05-30 03:16:19,002 - INFO - Found 0 unique words in 'CONNECTIONS'
2025-05-30 03:16:19,002 - INFO - Processing topic: FUN_FACTS_TRIVIA
2025-05-30 03:16:19,002 - INFO - Found 0 unique words in 'FUN_FACTS_TRIVIA'
2025-05-30 03:16:19,002 - INFO - Processing topic: 1.7
2025-05-30 03:16:19,011 - INFO - Found 1 unique words in '1.7'
2025-05-30 03:16:19,012 - INFO - Processing batch 1/1 for topic '1.7'
2025-05-30 03:16:21,793 - INFO - Processing topic: CORE_DEFINITION
2025-05-30 03:16:21,794 - INFO - Found 0 unique words in 'CORE_DEFINITION'
2025-05-30 03:16:21,795 - INFO - Processing topic: EXPLANATION
2025-05-30 03:16:21,795 - INFO - Found 0 unique words in 'EXPLANATION'
2025-05-30 03:16:21,795 - INFO - Processing topic: ANALOGIES_VISUALIZATIONS
2025-05-30 03:16:21,797 - INFO - Found 0 unique words in 'ANALOGIES_VISUALIZATIONS'
2025-05-30 03:16:21,797 - INFO - Processing topic: EXAMPLES
2025-05-30 03:16:21,798 - INFO - Found 0 unique words in 'EXAMPLES'
2025-05-30 03:16:21,798 - INFO - Processing topic: INTERACTIVE_ELEMENTS
2025-05-30 03:16:21,798 - INFO - Found 0 unique words in 'INTERACTIVE_ELEMENTS'
2025-05-30 03:16:21,799 - INFO - Processing topic: KEY_POINTS_SUMMARY
2025-05-30 03:16:21,799 - INFO - Found 0 unique words in 'KEY_POINTS_SUMMARY'
2025-05-30 03:16:21,799 - INFO - Processing topic: EXERCISES
2025-05-30 03:16:21,800 - INFO - Found 0 unique words in 'EXERCISES'
2025-05-30 03:16:21,800 - INFO - Processing topic: CONNECTIONS
2025-05-30 03:16:21,801 - INFO - Found 0 unique words in 'CONNECTIONS'
2025-05-30 03:16:21,801 - INFO - Processing topic: FUN_FACTS_TRIVIA
2025-05-30 03:16:21,801 - INFO - Found 0 unique words in 'FUN_FACTS_TRIVIA'
2025-05-30 03:16:21,801 - INFO - Processing topic: 1.8
2025-05-30 03:16:21,810 - INFO - Found 2 unique words in '1.8'
2025-05-30 03:16:21,810 - INFO - Processing batch 1/1 for topic '1.8'
2025-05-30 03:16:25,364 - INFO - Processing topic: CORE_DEFINITION
2025-05-30 03:16:25,364 - INFO - Found 0 unique words in 'CORE_DEFINITION'
2025-05-30 03:16:25,364 - INFO - Processing topic: EXPLANATION
2025-05-30 03:16:25,367 - INFO - Found 0 unique words in 'EXPLANATION'
2025-05-30 03:16:25,367 - INFO - Processing topic: ANALOGIES_VISUALIZATIONS
2025-05-30 03:16:25,367 - INFO - Found 0 unique words in 'ANALOGIES_VISUALIZATIONS'
2025-05-30 03:16:25,368 - INFO - Processing topic: EXAMPLES
2025-05-30 03:16:25,368 - INFO - Found 0 unique words in 'EXAMPLES'
2025-05-30 03:16:25,368 - INFO - Processing topic: INTERACTIVE_ELEMENTS
2025-05-30 03:16:25,369 - INFO - Found 0 unique words in 'INTERACTIVE_ELEMENTS'
2025-05-30 03:16:25,369 - INFO - Processing topic: KEY_POINTS_SUMMARY
2025-05-30 03:16:25,370 - INFO - Found 0 unique words in 'KEY_POINTS_SUMMARY'
2025-05-30 03:16:25,370 - INFO - Processing topic: EXERCISES
2025-05-30 03:16:25,371 - INFO - Found 0 unique words in 'EXERCISES'
2025-05-30 03:16:25,372 - INFO - Processing topic: CONNECTIONS
2025-05-30 03:16:25,372 - INFO - Found 0 unique words in 'CONNECTIONS'
2025-05-30 03:16:25,372 - INFO - Processing topic: FUN_FACTS_TRIVIA
2025-05-30 03:16:25,373 - INFO - Found 0 unique words in 'FUN_FACTS_TRIVIA'
2025-05-30 03:19:52,313 - INFO - Skipping section: MEMORY_TECHNIQUES
2025-05-30 03:19:52,313 - INFO - Skipping section: MEMORY_TECHNIQUES
2025-05-30 03:19:52,314 - INFO - Skipping section: MEMORY_TECHNIQUES
2025-05-30 03:19:52,314 - INFO - Skipping section: MEMORY_TECHNIQUES
2025-05-30 03:19:52,314 - INFO - Skipping section: MEMORY_TECHNIQUES
2025-05-30 03:19:52,315 - INFO - Skipping section: MEMORY_TECHNIQUES
2025-05-30 03:19:52,315 - INFO - Skipping section: MEMORY_TECHNIQUES
2025-05-30 03:19:52,315 - INFO - Skipping section: MEMORY_TECHNIQUES
2025-05-30 03:19:52,316 - INFO - Extracted 81 topics from XML
2025-05-30 03:19:52,316 - INFO - Processing topic: 1
2025-05-30 03:19:55,395 - INFO - Found 10 unique words in '1'
2025-05-30 03:19:55,396 - INFO - Processing batch 1/2 for topic '1'
2025-05-30 03:20:01,310 - INFO - Processing batch 2/2 for topic '1'
2025-05-30 03:20:07,206 - INFO - Processing topic: 1.1
2025-05-30 03:20:07,215 - INFO - Found 0 unique words in '1.1'
2025-05-30 03:20:07,215 - INFO - Processing topic: CORE_DEFINITION
2025-05-30 03:20:07,216 - INFO - Found 0 unique words in 'CORE_DEFINITION'
2025-05-30 03:20:07,216 - INFO - Processing topic: EXPLANATION
2025-05-30 03:20:07,218 - INFO - Found 0 unique words in 'EXPLANATION'
2025-05-30 03:20:07,218 - INFO - Processing topic: ANALOGIES_VISUALIZATIONS
2025-05-30 03:20:07,219 - INFO - Found 0 unique words in 'ANALOGIES_VISUALIZATIONS'
2025-05-30 03:20:07,219 - INFO - Processing topic: EXAMPLES
2025-05-30 03:20:07,220 - INFO - Found 0 unique words in 'EXAMPLES'
2025-05-30 03:20:07,220 - INFO - Processing topic: INTERACTIVE_ELEMENTS
2025-05-30 03:20:07,221 - INFO - Found 0 unique words in 'INTERACTIVE_ELEMENTS'
2025-05-30 03:20:07,221 - INFO - Processing topic: KEY_POINTS_SUMMARY
2025-05-30 03:20:07,221 - INFO - Found 0 unique words in 'KEY_POINTS_SUMMARY'
2025-05-30 03:20:07,222 - INFO - Processing topic: EXERCISES
2025-05-30 03:20:07,222 - INFO - Found 0 unique words in 'EXERCISES'
2025-05-30 03:20:07,222 - INFO - Processing topic: CONNECTIONS
2025-05-30 03:20:07,223 - INFO - Found 0 unique words in 'CONNECTIONS'
2025-05-30 03:20:07,223 - INFO - Processing topic: FUN_FACTS_TRIVIA
2025-05-30 03:20:07,223 - INFO - Found 0 unique words in 'FUN_FACTS_TRIVIA'
2025-05-30 03:20:07,223 - INFO - Processing topic: 1.2
2025-05-30 03:20:07,232 - INFO - Found 3 unique words in '1.2'
2025-05-30 03:20:07,233 - INFO - Processing batch 1/1 for topic '1.2'
2025-05-30 03:20:11,563 - INFO - Processing topic: CORE_DEFINITION
2025-05-30 03:20:11,567 - INFO - Found 0 unique words in 'CORE_DEFINITION'
2025-05-30 03:20:11,568 - INFO - Processing topic: EXPLANATION
2025-05-30 03:20:11,573 - INFO - Found 0 unique words in 'EXPLANATION'
2025-05-30 03:20:11,575 - INFO - Processing topic: ANALOGIES_VISUALIZATIONS
2025-05-30 03:20:11,579 - INFO - Found 0 unique words in 'ANALOGIES_VISUALIZATIONS'
2025-05-30 03:20:11,579 - INFO - Processing topic: EXAMPLES
2025-05-30 03:20:11,581 - INFO - Found 0 unique words in 'EXAMPLES'
2025-05-30 03:20:11,582 - INFO - Processing topic: INTERACTIVE_ELEMENTS
2025-05-30 03:20:11,586 - INFO - Found 0 unique words in 'INTERACTIVE_ELEMENTS'
2025-05-30 03:20:11,587 - INFO - Processing topic: KEY_POINTS_SUMMARY
2025-05-30 03:20:11,588 - INFO - Found 0 unique words in 'KEY_POINTS_SUMMARY'
2025-05-30 03:20:11,589 - INFO - Processing topic: EXERCISES
2025-05-30 03:20:11,590 - INFO - Found 0 unique words in 'EXERCISES'
2025-05-30 03:20:11,591 - INFO - Processing topic: CONNECTIONS
2025-05-30 03:20:11,593 - INFO - Found 0 unique words in 'CONNECTIONS'
2025-05-30 03:20:11,593 - INFO - Processing topic: FUN_FACTS_TRIVIA
2025-05-30 03:20:11,595 - INFO - Found 1 unique words in 'FUN_FACTS_TRIVIA'
2025-05-30 03:20:11,597 - INFO - Processing batch 1/1 for topic 'FUN_FACTS_TRIVIA'
2025-05-30 03:20:14,379 - INFO - Processing topic: 1.3
2025-05-30 03:20:14,388 - INFO - Found 0 unique words in '1.3'
2025-05-30 03:20:14,389 - INFO - Processing topic: CORE_DEFINITION
2025-05-30 03:20:14,389 - INFO - Found 0 unique words in 'CORE_DEFINITION'
2025-05-30 03:20:14,390 - INFO - Processing topic: EXPLANATION
2025-05-30 03:20:14,391 - INFO - Found 0 unique words in 'EXPLANATION'
2025-05-30 03:20:14,392 - INFO - Processing topic: ANALOGIES_VISUALIZATIONS
2025-05-30 03:20:14,392 - INFO - Found 0 unique words in 'ANALOGIES_VISUALIZATIONS'
2025-05-30 03:20:14,392 - INFO - Processing topic: EXAMPLES
2025-05-30 03:20:14,394 - INFO - Found 0 unique words in 'EXAMPLES'
2025-05-30 03:20:14,394 - INFO - Processing topic: INTERACTIVE_ELEMENTS
2025-05-30 03:20:14,395 - INFO - Found 0 unique words in 'INTERACTIVE_ELEMENTS'
2025-05-30 03:20:14,396 - INFO - Processing topic: KEY_POINTS_SUMMARY
2025-05-30 03:20:14,396 - INFO - Found 0 unique words in 'KEY_POINTS_SUMMARY'
2025-05-30 03:20:14,396 - INFO - Processing topic: EXERCISES
2025-05-30 03:20:14,397 - INFO - Found 0 unique words in 'EXERCISES'
2025-05-30 03:20:14,397 - INFO - Processing topic: CONNECTIONS
2025-05-30 03:20:14,398 - INFO - Found 0 unique words in 'CONNECTIONS'
2025-05-30 03:20:14,398 - INFO - Processing topic: FUN_FACTS_TRIVIA
2025-05-30 03:20:14,398 - INFO - Found 0 unique words in 'FUN_FACTS_TRIVIA'
2025-05-30 03:20:14,398 - INFO - Processing topic: 1.4
2025-05-30 03:20:14,407 - INFO - Found 3 unique words in '1.4'
2025-05-30 03:20:14,407 - INFO - Processing batch 1/1 for topic '1.4'
2025-05-30 03:20:18,755 - INFO - Processing topic: CORE_DEFINITION
2025-05-30 03:20:18,755 - INFO - Found 0 unique words in 'CORE_DEFINITION'
2025-05-30 03:20:18,756 - INFO - Processing topic: EXPLANATION
2025-05-30 03:20:18,758 - INFO - Found 1 unique words in 'EXPLANATION'
2025-05-30 03:20:18,758 - INFO - Processing batch 1/1 for topic 'EXPLANATION'
2025-05-30 03:20:21,551 - INFO - Processing topic: ANALOGIES_VISUALIZATIONS
2025-05-30 03:20:21,552 - INFO - Found 0 unique words in 'ANALOGIES_VISUALIZATIONS'
2025-05-30 03:20:21,552 - INFO - Processing topic: EXAMPLES
2025-05-30 03:20:21,553 - INFO - Found 0 unique words in 'EXAMPLES'
2025-05-30 03:20:21,553 - INFO - Processing topic: INTERACTIVE_ELEMENTS
2025-05-30 03:20:21,554 - INFO - Found 0 unique words in 'INTERACTIVE_ELEMENTS'
2025-05-30 03:20:21,554 - INFO - Processing topic: KEY_POINTS_SUMMARY
2025-05-30 03:20:21,555 - INFO - Found 0 unique words in 'KEY_POINTS_SUMMARY'
2025-05-30 03:20:21,555 - INFO - Processing topic: EXERCISES
2025-05-30 03:20:21,557 - INFO - Found 0 unique words in 'EXERCISES'
2025-05-30 03:20:21,557 - INFO - Processing topic: CONNECTIONS
2025-05-30 03:20:21,558 - INFO - Found 0 unique words in 'CONNECTIONS'
2025-05-30 03:20:21,558 - INFO - Processing topic: FUN_FACTS_TRIVIA
2025-05-30 03:20:21,558 - INFO - Found 0 unique words in 'FUN_FACTS_TRIVIA'
2025-05-30 03:20:21,559 - INFO - Processing topic: 1.5
2025-05-30 03:20:21,567 - INFO - Found 1 unique words in '1.5'
2025-05-30 03:20:21,567 - INFO - Processing batch 1/1 for topic '1.5'
2025-05-30 03:20:24,352 - INFO - Processing topic: CORE_DEFINITION
2025-05-30 03:20:24,352 - INFO - Found 0 unique words in 'CORE_DEFINITION'
2025-05-30 03:20:24,352 - INFO - Processing topic: EXPLANATION
2025-05-30 03:20:24,352 - INFO - Found 0 unique words in 'EXPLANATION'
2025-05-30 03:20:24,354 - INFO - Processing topic: ANALOGIES_VISUALIZATIONS
2025-05-30 03:20:24,354 - INFO - Found 0 unique words in 'ANALOGIES_VISUALIZATIONS'
2025-05-30 03:20:24,354 - INFO - Processing topic: EXAMPLES
2025-05-30 03:20:24,356 - INFO - Found 0 unique words in 'EXAMPLES'
2025-05-30 03:20:24,356 - INFO - Processing topic: INTERACTIVE_ELEMENTS
2025-05-30 03:20:24,357 - INFO - Found 0 unique words in 'INTERACTIVE_ELEMENTS'
2025-05-30 03:20:24,357 - INFO - Processing topic: KEY_POINTS_SUMMARY
2025-05-30 03:20:24,358 - INFO - Found 0 unique words in 'KEY_POINTS_SUMMARY'
2025-05-30 03:20:24,358 - INFO - Processing topic: EXERCISES
2025-05-30 03:20:24,359 - INFO - Found 0 unique words in 'EXERCISES'
2025-05-30 03:20:24,359 - INFO - Processing topic: CONNECTIONS
2025-05-30 03:20:24,360 - INFO - Found 0 unique words in 'CONNECTIONS'
2025-05-30 03:20:24,360 - INFO - Processing topic: FUN_FACTS_TRIVIA
2025-05-30 03:20:24,360 - INFO - Found 0 unique words in 'FUN_FACTS_TRIVIA'
2025-05-30 03:20:24,360 - INFO - Processing topic: 1.6
2025-05-30 03:20:24,367 - INFO - Found 0 unique words in '1.6'
2025-05-30 03:20:24,367 - INFO - Processing topic: CORE_DEFINITION
2025-05-30 03:20:24,368 - INFO - Found 0 unique words in 'CORE_DEFINITION'
2025-05-30 03:20:24,368 - INFO - Processing topic: EXPLANATION
2025-05-30 03:20:24,368 - INFO - Found 0 unique words in 'EXPLANATION'
2025-05-30 03:20:24,368 - INFO - Processing topic: ANALOGIES_VISUALIZATIONS
2025-05-30 03:20:24,369 - INFO - Found 0 unique words in 'ANALOGIES_VISUALIZATIONS'
2025-05-30 03:20:24,369 - INFO - Processing topic: EXAMPLES
2025-05-30 03:20:24,370 - INFO - Found 0 unique words in 'EXAMPLES'
2025-05-30 03:20:24,370 - INFO - Processing topic: INTERACTIVE_ELEMENTS
2025-05-30 03:20:24,371 - INFO - Found 0 unique words in 'INTERACTIVE_ELEMENTS'
2025-05-30 03:20:24,371 - INFO - Processing topic: KEY_POINTS_SUMMARY
2025-05-30 03:20:24,371 - INFO - Found 0 unique words in 'KEY_POINTS_SUMMARY'
2025-05-30 03:20:24,371 - INFO - Processing topic: EXERCISES
2025-05-30 03:20:24,373 - INFO - Found 0 unique words in 'EXERCISES'
2025-05-30 03:20:24,373 - INFO - Processing topic: CONNECTIONS
2025-05-30 03:20:24,373 - INFO - Found 0 unique words in 'CONNECTIONS'
2025-05-30 03:20:24,373 - INFO - Processing topic: FUN_FACTS_TRIVIA
2025-05-30 03:20:24,373 - INFO - Found 0 unique words in 'FUN_FACTS_TRIVIA'
2025-05-30 03:20:24,373 - INFO - Processing topic: 1.7
2025-05-30 03:20:24,383 - INFO - Found 1 unique words in '1.7'
2025-05-30 03:20:24,383 - INFO - Processing batch 1/1 for topic '1.7'
2025-05-30 03:20:27,176 - INFO - Processing topic: CORE_DEFINITION
2025-05-30 03:20:27,176 - INFO - Found 0 unique words in 'CORE_DEFINITION'
2025-05-30 03:20:27,177 - INFO - Processing topic: EXPLANATION
2025-05-30 03:20:27,178 - INFO - Found 0 unique words in 'EXPLANATION'
2025-05-30 03:20:27,178 - INFO - Processing topic: ANALOGIES_VISUALIZATIONS
2025-05-30 03:20:27,179 - INFO - Found 0 unique words in 'ANALOGIES_VISUALIZATIONS'
2025-05-30 03:20:27,179 - INFO - Processing topic: EXAMPLES
2025-05-30 03:20:27,179 - INFO - Found 0 unique words in 'EXAMPLES'
2025-05-30 03:20:27,180 - INFO - Processing topic: INTERACTIVE_ELEMENTS
2025-05-30 03:20:27,180 - INFO - Found 0 unique words in 'INTERACTIVE_ELEMENTS'
2025-05-30 03:20:27,181 - INFO - Processing topic: KEY_POINTS_SUMMARY
2025-05-30 03:20:27,181 - INFO - Found 0 unique words in 'KEY_POINTS_SUMMARY'
2025-05-30 03:20:27,181 - INFO - Processing topic: EXERCISES
2025-05-30 03:20:27,182 - INFO - Found 0 unique words in 'EXERCISES'
2025-05-30 03:20:27,183 - INFO - Processing topic: CONNECTIONS
2025-05-30 03:20:27,183 - INFO - Found 0 unique words in 'CONNECTIONS'
2025-05-30 03:20:27,183 - INFO - Processing topic: FUN_FACTS_TRIVIA
2025-05-30 03:20:27,183 - INFO - Found 0 unique words in 'FUN_FACTS_TRIVIA'
2025-05-30 03:20:27,183 - INFO - Processing topic: 1.8
2025-05-30 03:20:27,200 - INFO - Found 2 unique words in '1.8'
2025-05-30 03:20:27,200 - INFO - Processing batch 1/1 for topic '1.8'
2025-05-30 03:20:30,751 - INFO - Processing topic: CORE_DEFINITION
2025-05-30 03:20:30,756 - INFO - Found 0 unique words in 'CORE_DEFINITION'
2025-05-30 03:20:30,757 - INFO - Processing topic: EXPLANATION
2025-05-30 03:20:30,762 - INFO - Found 0 unique words in 'EXPLANATION'
2025-05-30 03:20:30,762 - INFO - Processing topic: ANALOGIES_VISUALIZATIONS
2025-05-30 03:20:30,765 - INFO - Found 0 unique words in 'ANALOGIES_VISUALIZATIONS'
2025-05-30 03:20:30,766 - INFO - Processing topic: EXAMPLES
2025-05-30 03:20:30,770 - INFO - Found 0 unique words in 'EXAMPLES'
2025-05-30 03:20:30,771 - INFO - Processing topic: INTERACTIVE_ELEMENTS
2025-05-30 03:20:30,772 - INFO - Found 0 unique words in 'INTERACTIVE_ELEMENTS'
2025-05-30 03:20:30,774 - INFO - Processing topic: KEY_POINTS_SUMMARY
2025-05-30 03:20:30,776 - INFO - Found 0 unique words in 'KEY_POINTS_SUMMARY'
2025-05-30 03:20:30,777 - INFO - Processing topic: EXERCISES
2025-05-30 03:20:30,784 - INFO - Found 0 unique words in 'EXERCISES'
2025-05-30 03:20:30,786 - INFO - Processing topic: CONNECTIONS
2025-05-30 03:20:30,789 - INFO - Found 0 unique words in 'CONNECTIONS'
2025-05-30 03:20:30,790 - INFO - Processing topic: FUN_FACTS_TRIVIA
2025-05-30 03:20:30,793 - INFO - Found 0 unique words in 'FUN_FACTS_TRIVIA'
2025-05-30 03:59:37,051 - INFO - Logging initialized
2025-05-30 03:59:37,055 - WARNING - spaCy not installed. Falling back to NLTK.
2025-05-30 04:00:21,214 - INFO - Logging initialized
2025-05-30 04:00:21,216 - WARNING - spaCy not installed. Falling back to NLTK.
2025-05-30 04:00:23,253 - INFO - Extracted 89 topics from XML
2025-05-30 04:00:23,255 - INFO - Extracting words from topics...
2025-05-30 04:00:42,430 - INFO - Processing 690 unique words...
2025-05-30 04:22:58,127 - INFO - Logging initialized
2025-05-30 04:22:58,130 - WARNING - spaCy not installed. Falling back to NLTK.
2025-05-30 04:23:00,178 - INFO - Extracted 89 topics from XML
2025-05-30 04:23:00,179 - INFO - Extracting words from topics...
2025-05-30 04:23:10,893 - ERROR - Error processing topic 1/1.1: 'XMLWordExtractor' object has no attribute 'use_phrases'
2025-05-30 04:23:10,896 - ERROR - Error processing topic 1: 'XMLWordExtractor' object has no attribute 'use_phrases'
2025-05-30 04:23:10,897 - ERROR - Error processing topic 1/1.1/topic_3: 'XMLWordExtractor' object has no attribute 'use_phrases'
2025-05-30 04:23:10,898 - ERROR - Error processing topic 1/1.1/topic_4: 'XMLWordExtractor' object has no attribute 'use_phrases'
2025-05-30 04:23:10,899 - ERROR - Error processing topic 1/1.1/topic_5: 'XMLWordExtractor' object has no attribute 'use_phrases'
2025-05-30 04:23:10,899 - ERROR - Error processing topic 1/1.1/topic_6: 'XMLWordExtractor' object has no attribute 'use_phrases'
2025-05-30 04:23:10,900 - ERROR - Error processing topic 1/1.1/topic_7: 'XMLWordExtractor' object has no attribute 'use_phrases'
2025-05-30 04:23:10,901 - ERROR - Error processing topic 1/1.1/topic_8: 'XMLWordExtractor' object has no attribute 'use_phrases'
2025-05-30 04:23:10,901 - ERROR - Error processing topic 1/1.1/topic_9: 'XMLWordExtractor' object has no attribute 'use_phrases'
2025-05-30 04:23:10,902 - ERROR - Error processing topic 1/1.1/topic_10: 'XMLWordExtractor' object has no attribute 'use_phrases'
2025-05-30 04:23:10,903 - ERROR - Error processing topic 1/1.1/topic_11: 'XMLWordExtractor' object has no attribute 'use_phrases'
2025-05-30 04:23:10,903 - ERROR - Error processing topic 1/1.1/topic_12: 'XMLWordExtractor' object has no attribute 'use_phrases'
2025-05-30 04:23:10,905 - ERROR - Error processing topic 1/1.2/topic_14: 'XMLWordExtractor' object has no attribute 'use_phrases'
2025-05-30 04:23:10,905 - ERROR - Error processing topic 1/1.2/topic_15: 'XMLWordExtractor' object has no attribute 'use_phrases'
2025-05-30 04:23:10,906 - ERROR - Error processing topic 1/1.2/topic_16: 'XMLWordExtractor' object has no attribute 'use_phrases'
2025-05-30 04:23:10,906 - ERROR - Error processing topic 1/1.2: 'XMLWordExtractor' object has no attribute 'use_phrases'
2025-05-30 04:23:10,907 - ERROR - Error processing topic 1/1.2/topic_17: 'XMLWordExtractor' object has no attribute 'use_phrases'
2025-05-30 04:23:10,908 - ERROR - Error processing topic 1/1.2/topic_18: 'XMLWordExtractor' object has no attribute 'use_phrases'
2025-05-30 04:23:10,909 - ERROR - Error processing topic 1/1.2/topic_19: 'XMLWordExtractor' object has no attribute 'use_phrases'
2025-05-30 04:23:10,910 - ERROR - Error processing topic 1/1.2/topic_20: 'XMLWordExtractor' object has no attribute 'use_phrases'
2025-05-30 04:23:10,910 - ERROR - Error processing topic 1/1.2/topic_21: 'XMLWordExtractor' object has no attribute 'use_phrases'
2025-05-30 04:23:10,911 - ERROR - Error processing topic 1/1.2/topic_22: 'XMLWordExtractor' object has no attribute 'use_phrases'
2025-05-30 04:23:10,912 - ERROR - Error processing topic 1/1.2/topic_23: 'XMLWordExtractor' object has no attribute 'use_phrases'
2025-05-30 04:23:10,913 - ERROR - Error processing topic 1/1.3/topic_25: 'XMLWordExtractor' object has no attribute 'use_phrases'
2025-05-30 04:23:10,913 - ERROR - Error processing topic 1/1.3: 'XMLWordExtractor' object has no attribute 'use_phrases'
2025-05-30 04:23:10,915 - ERROR - Error processing topic 1/1.3/topic_26: 'XMLWordExtractor' object has no attribute 'use_phrases'
2025-05-30 04:23:10,915 - ERROR - Error processing topic 1/1.3/topic_27: 'XMLWordExtractor' object has no attribute 'use_phrases'
2025-05-30 04:23:10,916 - ERROR - Error processing topic 1/1.3/topic_28: 'XMLWordExtractor' object has no attribute 'use_phrases'
2025-05-30 04:23:10,917 - ERROR - Error processing topic 1/1.3/topic_29: 'XMLWordExtractor' object has no attribute 'use_phrases'
2025-05-30 04:23:10,917 - ERROR - Error processing topic 1/1.3/topic_30: 'XMLWordExtractor' object has no attribute 'use_phrases'
2025-05-30 04:23:10,918 - ERROR - Error processing topic 1/1.3/topic_31: 'XMLWordExtractor' object has no attribute 'use_phrases'
2025-05-30 04:23:10,919 - ERROR - Error processing topic 1/1.3/topic_32: 'XMLWordExtractor' object has no attribute 'use_phrases'
2025-05-30 04:23:10,919 - ERROR - Error processing topic 1/1.3/topic_33: 'XMLWordExtractor' object has no attribute 'use_phrases'
2025-05-30 04:23:10,920 - ERROR - Error processing topic 1/1.3/topic_34: 'XMLWordExtractor' object has no attribute 'use_phrases'
2025-05-30 04:23:10,920 - ERROR - Error processing topic 1/1.4/topic_36: 'XMLWordExtractor' object has no attribute 'use_phrases'
2025-05-30 04:23:10,922 - ERROR - Error processing topic 1/1.4: 'XMLWordExtractor' object has no attribute 'use_phrases'
2025-05-30 04:23:10,922 - ERROR - Error processing topic 1/1.4/topic_37: 'XMLWordExtractor' object has no attribute 'use_phrases'
2025-05-30 04:23:10,922 - ERROR - Error processing topic 1/1.4/topic_38: 'XMLWordExtractor' object has no attribute 'use_phrases'
2025-05-30 04:23:10,923 - ERROR - Error processing topic 1/1.4/topic_39: 'XMLWordExtractor' object has no attribute 'use_phrases'
2025-05-30 04:23:10,923 - ERROR - Error processing topic 1/1.4/topic_40: 'XMLWordExtractor' object has no attribute 'use_phrases'
2025-05-30 04:23:10,925 - ERROR - Error processing topic 1/1.4/topic_41: 'XMLWordExtractor' object has no attribute 'use_phrases'
2025-05-30 04:23:10,926 - ERROR - Error processing topic 1/1.4/topic_42: 'XMLWordExtractor' object has no attribute 'use_phrases'
2025-05-30 04:23:10,927 - ERROR - Error processing topic 1/1.4/topic_43: 'XMLWordExtractor' object has no attribute 'use_phrases'
2025-05-30 04:23:10,928 - ERROR - Error processing topic 1/1.4/topic_44: 'XMLWordExtractor' object has no attribute 'use_phrases'
2025-05-30 04:23:10,928 - ERROR - Error processing topic 1/1.4/topic_45: 'XMLWordExtractor' object has no attribute 'use_phrases'
2025-05-30 04:23:10,929 - ERROR - Error processing topic 1/1.5/topic_47: 'XMLWordExtractor' object has no attribute 'use_phrases'
2025-05-30 04:23:10,930 - ERROR - Error processing topic 1/1.5: 'XMLWordExtractor' object has no attribute 'use_phrases'
2025-05-30 04:23:10,930 - ERROR - Error processing topic 1/1.5/topic_48: 'XMLWordExtractor' object has no attribute 'use_phrases'
2025-05-30 04:23:10,931 - ERROR - Error processing topic 1/1.5/topic_49: 'XMLWordExtractor' object has no attribute 'use_phrases'
2025-05-30 04:23:10,932 - ERROR - Error processing topic 1/1.5/topic_50: 'XMLWordExtractor' object has no attribute 'use_phrases'
2025-05-30 04:23:10,933 - ERROR - Error processing topic 1/1.5/topic_51: 'XMLWordExtractor' object has no attribute 'use_phrases'
2025-05-30 04:23:10,933 - ERROR - Error processing topic 1/1.5/topic_52: 'XMLWordExtractor' object has no attribute 'use_phrases'
2025-05-30 04:23:10,935 - ERROR - Error processing topic 1/1.5/topic_53: 'XMLWordExtractor' object has no attribute 'use_phrases'
2025-05-30 04:23:10,936 - ERROR - Error processing topic 1/1.5/topic_54: 'XMLWordExtractor' object has no attribute 'use_phrases'
2025-05-30 04:23:10,937 - ERROR - Error processing topic 1/1.5/topic_55: 'XMLWordExtractor' object has no attribute 'use_phrases'
2025-05-30 04:23:10,937 - ERROR - Error processing topic 1/1.5/topic_56: 'XMLWordExtractor' object has no attribute 'use_phrases'
2025-05-30 04:23:10,938 - ERROR - Error processing topic 1/1.6/topic_58: 'XMLWordExtractor' object has no attribute 'use_phrases'
2025-05-30 04:23:10,939 - ERROR - Error processing topic 1/1.6: 'XMLWordExtractor' object has no attribute 'use_phrases'
2025-05-30 04:23:10,939 - ERROR - Error processing topic 1/1.6/topic_59: 'XMLWordExtractor' object has no attribute 'use_phrases'
2025-05-30 04:23:10,940 - ERROR - Error processing topic 1/1.6/topic_60: 'XMLWordExtractor' object has no attribute 'use_phrases'
2025-05-30 04:23:10,941 - ERROR - Error processing topic 1/1.6/topic_61: 'XMLWordExtractor' object has no attribute 'use_phrases'
2025-05-30 04:23:10,942 - ERROR - Error processing topic 1/1.6/topic_62: 'XMLWordExtractor' object has no attribute 'use_phrases'
2025-05-30 04:23:10,943 - ERROR - Error processing topic 1/1.6/topic_63: 'XMLWordExtractor' object has no attribute 'use_phrases'
2025-05-30 04:23:10,943 - ERROR - Error processing topic 1/1.6/topic_64: 'XMLWordExtractor' object has no attribute 'use_phrases'
2025-05-30 04:23:10,945 - ERROR - Error processing topic 1/1.6/topic_65: 'XMLWordExtractor' object has no attribute 'use_phrases'
2025-05-30 04:23:10,946 - ERROR - Error processing topic 1/1.6/topic_66: 'XMLWordExtractor' object has no attribute 'use_phrases'
2025-05-30 04:23:10,947 - ERROR - Error processing topic 1/1.6/topic_67: 'XMLWordExtractor' object has no attribute 'use_phrases'
2025-05-30 04:23:10,948 - ERROR - Error processing topic 1/1.7/topic_69: 'XMLWordExtractor' object has no attribute 'use_phrases'
2025-05-30 04:23:10,948 - ERROR - Error processing topic 1/1.7/topic_70: 'XMLWordExtractor' object has no attribute 'use_phrases'
2025-05-30 04:23:10,949 - ERROR - Error processing topic 1/1.7: 'XMLWordExtractor' object has no attribute 'use_phrases'
2025-05-30 04:23:10,950 - ERROR - Error processing topic 1/1.7/topic_71: 'XMLWordExtractor' object has no attribute 'use_phrases'
2025-05-30 04:23:10,950 - ERROR - Error processing topic 1/1.7/topic_72: 'XMLWordExtractor' object has no attribute 'use_phrases'
2025-05-30 04:23:10,951 - ERROR - Error processing topic 1/1.7/topic_73: 'XMLWordExtractor' object has no attribute 'use_phrases'
2025-05-30 04:23:10,952 - ERROR - Error processing topic 1/1.7/topic_74: 'XMLWordExtractor' object has no attribute 'use_phrases'
2025-05-30 04:23:10,952 - ERROR - Error processing topic 1/1.7/topic_75: 'XMLWordExtractor' object has no attribute 'use_phrases'
2025-05-30 04:23:10,953 - ERROR - Error processing topic 1/1.7/topic_76: 'XMLWordExtractor' object has no attribute 'use_phrases'
2025-05-30 04:23:10,953 - ERROR - Error processing topic 1/1.7/topic_77: 'XMLWordExtractor' object has no attribute 'use_phrases'
2025-05-30 04:23:10,953 - ERROR - Error processing topic 1/1.7/topic_78: 'XMLWordExtractor' object has no attribute 'use_phrases'
2025-05-30 04:23:10,955 - ERROR - Error processing topic 1/1.8/topic_80: 'XMLWordExtractor' object has no attribute 'use_phrases'
2025-05-30 04:23:10,956 - ERROR - Error processing topic 1/1.8: 'XMLWordExtractor' object has no attribute 'use_phrases'
2025-05-30 04:23:10,957 - ERROR - Error processing topic 1/1.8/topic_81: 'XMLWordExtractor' object has no attribute 'use_phrases'
2025-05-30 04:23:10,957 - ERROR - Error processing topic 1/1.8/topic_82: 'XMLWordExtractor' object has no attribute 'use_phrases'
2025-05-30 04:23:10,958 - ERROR - Error processing topic 1/1.8/topic_83: 'XMLWordExtractor' object has no attribute 'use_phrases'
2025-05-30 04:23:10,959 - ERROR - Error processing topic 1/1.8/topic_84: 'XMLWordExtractor' object has no attribute 'use_phrases'
2025-05-30 04:23:10,959 - ERROR - Error processing topic 1/1.8/topic_85: 'XMLWordExtractor' object has no attribute 'use_phrases'
2025-05-30 04:23:10,960 - ERROR - Error processing topic 1/1.8/topic_86: 'XMLWordExtractor' object has no attribute 'use_phrases'
2025-05-30 04:23:10,960 - ERROR - Error processing topic 1/1.8/topic_87: 'XMLWordExtractor' object has no attribute 'use_phrases'
2025-05-30 04:23:10,961 - ERROR - Error processing topic 1/1.8/topic_88: 'XMLWordExtractor' object has no attribute 'use_phrases'
2025-05-30 04:23:10,962 - ERROR - Error processing topic 1/1.8/topic_89: 'XMLWordExtractor' object has no attribute 'use_phrases'
2025-05-30 04:23:12,618 - INFO - Processing 0 unique words...
2025-05-30 04:34:51,559 - INFO - Logging initialized
2025-05-30 04:34:51,561 - WARNING - spaCy not installed. Falling back to NLTK.
2025-05-30 04:35:58,086 - INFO - Logging initialized
2025-05-30 04:35:58,114 - WARNING - spaCy not installed. Falling back to NLTK.
2025-05-30 04:36:00,165 - INFO - Extracted 89 topics from XML
2025-05-30 04:36:00,165 - INFO - Extracting words from topics...
2025-05-30 04:36:05,933 - INFO - Processing 690 unique words...
2025-05-30 04:37:59,237 - INFO - Logging initialized
2025-05-30 04:37:59,243 - WARNING - spaCy not installed. Falling back to NLTK.
2025-05-30 04:38:01,268 - INFO - Extracted 89 topics from XML
2025-05-30 04:38:01,269 - INFO - Extracting words from topics...
2025-05-30 04:38:05,879 - INFO - Processing 690 unique words...
2025-05-30 04:38:05,880 - DEBUG - Processing batch 1 with 5 words
2025-05-30 04:38:28,192 - DEBUG - Processing batch 2 with 5 words
2025-05-30 04:38:50,092 - DEBUG - Processing batch 3 with 5 words
2025-05-30 04:40:44,581 - INFO - Logging initialized
2025-05-30 04:40:44,584 - WARNING - spaCy not installed. Falling back to NLTK.
2025-05-30 04:40:46,610 - INFO - Skipping section: 1/1.1/MEMORY_TECHNIQUES
2025-05-30 04:40:46,611 - INFO - Skipping section: 1/1.2/MEMORY_TECHNIQUES
2025-05-30 04:40:46,612 - INFO - Skipping section: 1/1.3/MEMORY_TECHNIQUES
2025-05-30 04:40:46,613 - INFO - Skipping section: 1/1.4/MEMORY_TECHNIQUES
2025-05-30 04:40:46,613 - INFO - Skipping section: 1/1.5/MEMORY_TECHNIQUES
2025-05-30 04:40:46,613 - INFO - Skipping section: 1/1.6/MEMORY_TECHNIQUES
2025-05-30 04:40:46,613 - INFO - Skipping section: 1/1.7/MEMORY_TECHNIQUES
2025-05-30 04:40:46,613 - INFO - Skipping section: 1/1.8/MEMORY_TECHNIQUES
2025-05-30 04:40:46,613 - INFO - Extracted 81 topics from XML
2025-05-30 04:40:46,613 - INFO - Extracting words from topics...
2025-05-30 04:40:50,547 - INFO - Processing 562 unique words...
2025-05-30 04:40:50,548 - DEBUG - Processing batch 1 with 5 words
2025-05-30 04:41:13,007 - DEBUG - Processing batch 2 with 5 words
2025-05-30 04:41:39,961 - DEBUG - Processing batch 3 with 5 words
2025-05-30 04:42:02,481 - DEBUG - Processing batch 4 with 5 words
2025-05-30 04:42:22,750 - DEBUG - Processing batch 5 with 5 words
2025-05-30 04:42:45,702 - DEBUG - Processing batch 6 with 5 words
2025-05-30 04:43:09,191 - DEBUG - Processing batch 7 with 5 words
2025-05-30 04:43:27,106 - DEBUG - Processing batch 8 with 5 words
2025-05-30 04:43:52,562 - DEBUG - Processing batch 9 with 5 words
2025-05-30 04:44:17,635 - DEBUG - Processing batch 10 with 5 words
2025-05-30 04:44:46,941 - DEBUG - Processing batch 11 with 5 words
2025-05-30 04:45:08,629 - DEBUG - Processing batch 12 with 5 words
2025-05-30 04:45:42,587 - DEBUG - Processing batch 13 with 5 words
2025-05-30 04:46:26,718 - DEBUG - Processing batch 14 with 5 words
2025-05-30 04:47:13,771 - DEBUG - Processing batch 15 with 5 words
2025-05-30 04:47:38,027 - DEBUG - Processing batch 16 with 5 words
2025-05-30 04:48:55,258 - DEBUG - Processing batch 17 with 5 words
2025-05-30 05:00:41,265 - INFO - Logging initialized
2025-05-30 05:01:26,110 - INFO - Logging initialized
2025-05-30 05:01:28,164 - INFO - Extracted 89 topics from XML
2025-05-30 05:01:28,164 - INFO - Extracting words from topics...
2025-05-30 05:01:32,743 - INFO - Processing 30 unique words...
2025-05-30 05:02:33,726 - WARNING - Attempt 1 failed for 'hip-hop': . Retrying in 1s
2025-05-30 05:03:35,736 - WARNING - Attempt 2 failed for 'hip-hop': . Retrying in 2s
