2025-06-03 11:08:15,639 - INFO - === Starting XML Dictionary Word Tagger ===
2025-06-03 11:08:15,640 - INFO - Loading dictionary data from CSV...
2025-06-03 11:08:15,676 - INFO - Loaded 335 dictionary terms across 8 topics from 'enriched_CHEM_IX_chapter1.csv'
2025-06-03 11:08:15,676 - INFO - Processing XML file...
2025-06-03 11:08:15,676 - INFO - Reading XML file: chem-ix-1st-chap.xml
2025-06-03 11:08:15,716 - INFO - Processing topic '1.1' with 54 dictionary terms
2025-06-03 11:08:15,732 - INFO - Processing topic '1.2' with 58 dictionary terms
2025-06-03 11:08:15,746 - INFO - Processing topic '1.3' with 43 dictionary terms
2025-06-03 11:08:15,763 - INFO - Processing topic '1.4' with 36 dictionary terms
2025-06-03 11:08:15,776 - INFO - Processing topic '1.5' with 38 dictionary terms
2025-06-03 11:08:15,786 - INFO - Processing topic '1.6' with 45 dictionary terms
2025-06-03 11:08:15,803 - INFO - Processing topic '1.7' with 28 dictionary terms
2025-06-03 11:08:15,811 - INFO - Processing topic '1.8' with 33 dictionary terms
2025-06-03 11:08:15,821 - INFO - Saving tagged XML to: content_tagged.xml
2025-06-03 11:08:15,840 - INFO - Successfully processed 8 topics and saved to 'content_tagged.xml'
2025-06-03 11:08:15,841 - INFO - === XML Dictionary Word Tagger Completed Successfully ===
2025-06-03 11:18:07,443 - INFO - === Starting XML Dictionary Word Tagger ===
2025-06-03 11:18:07,443 - INFO - Loading dictionary data from CSV...
2025-06-03 11:18:07,451 - INFO - Loaded 335 dictionary terms across 8 topics from 'enriched_CHEM_IX_chapter1.csv'
2025-06-03 11:18:07,451 - INFO - Processing XML file...
2025-06-03 11:18:07,451 - INFO - Reading XML file: chem-ix-1st-chap.xml
2025-06-03 11:18:07,458 - INFO - Processing topic '1.1' with 54 dictionary terms
2025-06-03 11:18:07,468 - INFO - Processing topic '1.2' with 58 dictionary terms
2025-06-03 11:18:07,481 - INFO - Processing topic '1.3' with 43 dictionary terms
2025-06-03 11:18:07,494 - INFO - Processing topic '1.4' with 36 dictionary terms
2025-06-03 11:18:07,501 - INFO - Processing topic '1.5' with 38 dictionary terms
2025-06-03 11:18:07,511 - INFO - Processing topic '1.6' with 45 dictionary terms
2025-06-03 11:18:07,521 - INFO - Processing topic '1.7' with 28 dictionary terms
2025-06-03 11:18:07,530 - INFO - Processing topic '1.8' with 33 dictionary terms
2025-06-03 11:18:07,536 - INFO - Saving tagged XML to: content_tagged.xml
2025-06-03 11:18:07,566 - INFO - Successfully processed 8 topics and saved to 'content_tagged.xml'
2025-06-03 11:18:07,566 - INFO - === XML Dictionary Word Tagger Completed Successfully ===
